<?xml version="1.0" encoding="UTF-8"?>
<!-- Generated by org.testng.reporters.JUnitXMLReporter -->
<testsuite ignored="3" hostname="LAPTOP-2HG486VE" failures="0" tests="1" name="Default test" time="45.364" errors="0" timestamp="2023-08-29T10:19:54 IST">
  <testcase classname="com.orange.HomePageTest" name="clickLogoutbtn" time="32.116"/>
  <testcase classname="com.orange.HomePageTest" name="getNameNavigation" time="0.0">
    <ignored/>
  </testcase> <!-- getNameNavigation -->
  <testcase classname="com.orange.HomePageTest" name="clickToAdmin" time="0.0">
    <ignored/>
  </testcase> <!-- clickToAdmin -->
  <testcase classname="com.orange.HomePageTest" name="getNameOrangeDashboard" time="0.0">
    <ignored/>
  </testcase> <!-- getNameOrangeDashboard -->
</testsuite> <!-- Default test -->
