<?xml version="1.0" encoding="UTF-8"?>
<!-- Generated by org.testng.reporters.JUnitXMLReporter -->
<testsuite ignored="17" hostname="LAPTOP-2HG486VE" failures="0" tests="6" name="Regression" time="47.996" errors="0" timestamp="2023-08-16T19:26:40 IST">
  <testcase classname="com.sauslab.testcases.checkoutonetest" name="CO1" time="2.554"/>
  <testcase classname="com.sauslab.testcases.checkoutonetest" name="CO2" time="2.953"/>
  <testcase classname="com.sauslab.testcases.checkoutsecondtest" name="CH_1" time="3.205"/>
  <testcase classname="com.sauslab.testcases.checkoutsecondtest" name="CH_2" time="3.108"/>
  <testcase classname="com.sauslab.testcases.checkoutsecondtest" name="CH_3" time="3.288"/>
  <testcase classname="com.sauslab.testcases.logintest" name="loginTest" time="0.835"/>
  <testcase classname="com.sauslab.base.BaseClass" name="@BeforeSuite beforeSuite" time="0.0">
    <ignored/>
  </testcase> <!-- @BeforeSuite beforeSuite -->
  <testcase classname="com.sauslab.base.BaseClass" name="@BeforeSuite beforeSuite" time="0.0">
    <ignored/>
  </testcase> <!-- @BeforeSuite beforeSuite -->
  <testcase classname="com.sauslab.base.BaseClass" name="@BeforeSuite beforeSuite" time="0.0">
    <ignored/>
  </testcase> <!-- @BeforeSuite beforeSuite -->
  <testcase classname="com.sauslab.testcases.cartTest" name="carttest2" time="0.0">
    <ignored/>
  </testcase> <!-- carttest2 -->
  <testcase classname="com.sauslab.testcases.cartTest" name="carttest3" time="0.0">
    <ignored/>
  </testcase> <!-- carttest3 -->
  <testcase classname="com.sauslab.testcases.logintest" name="verifyTitle" time="0.0">
    <ignored/>
  </testcase> <!-- verifyTitle -->
  <testcase classname="com.sauslab.base.BaseClass" name="@BeforeTest loadConfig" time="0.0">
    <ignored/>
  </testcase> <!-- @BeforeTest loadConfig -->
  <testcase classname="com.sauslab.testcases.checkoutcompletetest" name="CH_1" time="0.0">
    <ignored/>
  </testcase> <!-- CH_1 -->
  <testcase classname="com.sauslab.base.BaseClass" name="@BeforeTest loadConfig" time="0.0">
    <ignored/>
  </testcase> <!-- @BeforeTest loadConfig -->
  <testcase classname="com.sauslab.base.BaseClass" name="@BeforeSuite beforeSuite" time="0.0">
    <ignored/>
  </testcase> <!-- @BeforeSuite beforeSuite -->
  <testcase classname="com.sauslab.testcases.cartTest" name="carttest1" time="0.0">
    <ignored/>
  </testcase> <!-- carttest1 -->
  <testcase classname="com.sauslab.base.BaseClass" name="@BeforeTest loadConfig" time="0.0">
    <ignored/>
  </testcase> <!-- @BeforeTest loadConfig -->
  <testcase classname="com.sauslab.base.BaseClass" name="@BeforeTest loadConfig" time="0.0">
    <ignored/>
  </testcase> <!-- @BeforeTest loadConfig -->
  <testcase classname="com.sauslab.testcases.cartTest" name="carttest" time="0.0">
    <ignored/>
  </testcase> <!-- carttest -->
  <testcase classname="com.sauslab.base.BaseClass" name="@BeforeTest loadConfig" time="0.0">
    <ignored/>
  </testcase> <!-- @BeforeTest loadConfig -->
  <testcase classname="com.sauslab.base.BaseClass" name="@BeforeSuite beforeSuite" time="0.0">
    <ignored/>
  </testcase> <!-- @BeforeSuite beforeSuite -->
  <testcase classname="com.sauslab.testcases.inventorytest" name="addtocart" time="0.0">
    <ignored/>
  </testcase> <!-- addtocart -->
</testsuite> <!-- Regression -->
