<?xml version="1.0" encoding="UTF-8"?>
<!-- Generated by org.testng.reporters.JUnitXMLReporter -->
<testsuite ignored="16" hostname="LAPTOP-2HG486VE" failures="0" tests="7" name="Smoke" time="47.994" errors="0" timestamp="2023-08-15T17:40:36 IST">
  <testcase classname="com.sauslab.testcases.checkoutonetest" name="CO2" time="3.006"/>
  <testcase classname="com.sauslab.testcases.cartTest" name="carttest3" time="1.641"/>
  <testcase classname="com.sauslab.testcases.checkoutsecondtest" name="CH_1" time="2.616"/>
  <testcase classname="com.sauslab.testcases.checkoutsecondtest" name="CH_2" time="2.815"/>
  <testcase classname="com.sauslab.testcases.checkoutsecondtest" name="CH_3" time="2.804"/>
  <testcase classname="com.sauslab.testcases.logintest" name="loginTest" time="0.758"/>
  <testcase classname="com.sauslab.testcases.logintest" name="verifyTitle" time="0.016"/>
  <testcase classname="com.sauslab.base.BaseClass" name="@BeforeSuite beforeSuite" time="0.0">
    <ignored/>
  </testcase> <!-- @BeforeSuite beforeSuite -->
  <testcase classname="com.sauslab.base.BaseClass" name="@BeforeSuite beforeSuite" time="0.0">
    <ignored/>
  </testcase> <!-- @BeforeSuite beforeSuite -->
  <testcase classname="com.sauslab.testcases.cartTest" name="carttest1" time="0.0">
    <ignored/>
  </testcase> <!-- carttest1 -->
  <testcase classname="com.sauslab.base.BaseClass" name="@BeforeSuite beforeSuite" time="0.0">
    <ignored/>
  </testcase> <!-- @BeforeSuite beforeSuite -->
  <testcase classname="com.sauslab.base.BaseClass" name="@BeforeTest loadConfig" time="0.0">
    <ignored/>
  </testcase> <!-- @BeforeTest loadConfig -->
  <testcase classname="com.sauslab.base.BaseClass" name="@BeforeTest loadConfig" time="0.0">
    <ignored/>
  </testcase> <!-- @BeforeTest loadConfig -->
  <testcase classname="com.sauslab.base.BaseClass" name="@BeforeTest loadConfig" time="0.0">
    <ignored/>
  </testcase> <!-- @BeforeTest loadConfig -->
  <testcase classname="com.sauslab.testcases.checkoutonetest" name="CO1" time="0.0">
    <ignored/>
  </testcase> <!-- CO1 -->
  <testcase classname="com.sauslab.testcases.cartTest" name="carttest" time="0.0">
    <ignored/>
  </testcase> <!-- carttest -->
  <testcase classname="com.sauslab.base.BaseClass" name="@BeforeSuite beforeSuite" time="0.0">
    <ignored/>
  </testcase> <!-- @BeforeSuite beforeSuite -->
  <testcase classname="com.sauslab.testcases.cartTest" name="carttest2" time="0.0">
    <ignored/>
  </testcase> <!-- carttest2 -->
  <testcase classname="com.sauslab.base.BaseClass" name="@BeforeTest loadConfig" time="0.0">
    <ignored/>
  </testcase> <!-- @BeforeTest loadConfig -->
  <testcase classname="com.sauslab.testcases.inventorytest" name="addtocart" time="0.0">
    <ignored/>
  </testcase> <!-- addtocart -->
  <testcase classname="com.sauslab.testcases.checkoutcompletetest" name="CH_1" time="0.0">
    <ignored/>
  </testcase> <!-- CH_1 -->
  <testcase classname="com.sauslab.base.BaseClass" name="@BeforeTest loadConfig" time="0.0">
    <ignored/>
  </testcase> <!-- @BeforeTest loadConfig -->
  <testcase classname="com.sauslab.base.BaseClass" name="@BeforeSuite beforeSuite" time="0.0">
    <ignored/>
  </testcase> <!-- @BeforeSuite beforeSuite -->
</testsuite> <!-- Smoke -->
