<?xml version="1.0" encoding="UTF-8"?>
<!-- Generated by org.testng.reporters.JUnitXMLReporter -->
<testsuite ignored="10" hostname="LAPTOP-2HG486VE" failures="0" tests="14" name="Test_All" time="144.159" errors="0" timestamp="2023-08-16T22:11:09 IST">
  <testcase classname="DevelopedFramework.developedframework.testClass" name="firstTest" time="0.69"/>
  <testcase classname="com.sauslab.testcases.checkoutcompletetest" name="CH_1" time="4.641"/>
  <testcase classname="com.sauslab.testcases.checkoutonetest" name="CO1" time="2.385"/>
  <testcase classname="com.sauslab.testcases.checkoutonetest" name="CO2" time="4.28"/>
  <testcase classname="com.sauslab.testcases.cartTest" name="carttest" time="2.309"/>
  <testcase classname="com.sauslab.testcases.cartTest" name="carttest1" time="2.527"/>
  <testcase classname="com.sauslab.testcases.cartTest" name="carttest2" time="1.998"/>
  <testcase classname="com.sauslab.testcases.cartTest" name="carttest3" time="2.271"/>
  <testcase classname="com.sauslab.testcases.inventorytest" name="addtocart" time="2.446"/>
  <testcase classname="com.sauslab.testcases.checkoutsecondtest" name="CH_1" time="4.724"/>
  <testcase classname="com.sauslab.testcases.checkoutsecondtest" name="CH_2" time="3.308"/>
  <testcase classname="com.sauslab.testcases.checkoutsecondtest" name="CH_3" time="3.47"/>
  <testcase classname="com.sauslab.testcases.logintest" name="loginTest" time="0.879"/>
  <testcase classname="com.sauslab.testcases.logintest" name="verifyTitle" time="0.018"/>
  <testcase classname="com.sauslab.base.BaseClass" name="@BeforeSuite beforeSuite" time="0.0">
    <ignored/>
  </testcase> <!-- @BeforeSuite beforeSuite -->
  <testcase classname="com.sauslab.base.BaseClass" name="@BeforeSuite beforeSuite" time="0.0">
    <ignored/>
  </testcase> <!-- @BeforeSuite beforeSuite -->
  <testcase classname="com.sauslab.base.BaseClass" name="@BeforeTest loadConfig" time="0.0">
    <ignored/>
  </testcase> <!-- @BeforeTest loadConfig -->
  <testcase classname="com.sauslab.base.BaseClass" name="@BeforeSuite beforeSuite" time="0.0">
    <ignored/>
  </testcase> <!-- @BeforeSuite beforeSuite -->
  <testcase classname="com.sauslab.base.BaseClass" name="@BeforeTest loadConfig" time="0.0">
    <ignored/>
  </testcase> <!-- @BeforeTest loadConfig -->
  <testcase classname="com.sauslab.base.BaseClass" name="@BeforeTest loadConfig" time="0.0">
    <ignored/>
  </testcase> <!-- @BeforeTest loadConfig -->
  <testcase classname="com.sauslab.base.BaseClass" name="@BeforeSuite beforeSuite" time="0.0">
    <ignored/>
  </testcase> <!-- @BeforeSuite beforeSuite -->
  <testcase classname="com.sauslab.base.BaseClass" name="@BeforeSuite beforeSuite" time="0.0">
    <ignored/>
  </testcase> <!-- @BeforeSuite beforeSuite -->
  <testcase classname="com.sauslab.base.BaseClass" name="@BeforeTest loadConfig" time="0.0">
    <ignored/>
  </testcase> <!-- @BeforeTest loadConfig -->
  <testcase classname="com.sauslab.base.BaseClass" name="@BeforeTest loadConfig" time="0.0">
    <ignored/>
  </testcase> <!-- @BeforeTest loadConfig -->
</testsuite> <!-- Test_All -->
