<?xml version="1.0" encoding="UTF-8"?>
<!-- Generated by org.testng.reporters.JUnitXMLReporter -->
<testsuite ignored="10" hostname="LAPTOP-2HG486VE" failures="0" tests="14" name="Test" time="145.929" errors="0" timestamp="2023-08-16T19:23:12 IST">
  <testcase classname="DevelopedFramework.developedframework.testClass" name="firstTest" time="0.475"/>
  <testcase classname="com.sauslab.testcases.checkoutcompletetest" name="CH_1" time="4.67"/>
  <testcase classname="com.sauslab.testcases.checkoutonetest" name="CO1" time="1.893"/>
  <testcase classname="com.sauslab.testcases.checkoutonetest" name="CO2" time="2.917"/>
  <testcase classname="com.sauslab.testcases.cartTest" name="carttest" time="1.943"/>
  <testcase classname="com.sauslab.testcases.cartTest" name="carttest1" time="1.74"/>
  <testcase classname="com.sauslab.testcases.cartTest" name="carttest2" time="1.647"/>
  <testcase classname="com.sauslab.testcases.cartTest" name="carttest3" time="1.675"/>
  <testcase classname="com.sauslab.testcases.inventorytest" name="addtocart" time="2.044"/>
  <testcase classname="com.sauslab.testcases.checkoutsecondtest" name="CH_1" time="3.452"/>
  <testcase classname="com.sauslab.testcases.checkoutsecondtest" name="CH_2" time="3.072"/>
  <testcase classname="com.sauslab.testcases.checkoutsecondtest" name="CH_3" time="3.343"/>
  <testcase classname="com.sauslab.testcases.logintest" name="loginTest" time="0.905"/>
  <testcase classname="com.sauslab.testcases.logintest" name="verifyTitle" time="0.035"/>
  <testcase classname="com.sauslab.base.BaseClass" name="@BeforeTest loadConfig" time="0.0">
    <ignored/>
  </testcase> <!-- @BeforeTest loadConfig -->
  <testcase classname="com.sauslab.base.BaseClass" name="@BeforeSuite beforeSuite" time="0.0">
    <ignored/>
  </testcase> <!-- @BeforeSuite beforeSuite -->
  <testcase classname="com.sauslab.base.BaseClass" name="@BeforeTest loadConfig" time="0.0">
    <ignored/>
  </testcase> <!-- @BeforeTest loadConfig -->
  <testcase classname="com.sauslab.base.BaseClass" name="@BeforeSuite beforeSuite" time="0.0">
    <ignored/>
  </testcase> <!-- @BeforeSuite beforeSuite -->
  <testcase classname="com.sauslab.base.BaseClass" name="@BeforeTest loadConfig" time="0.0">
    <ignored/>
  </testcase> <!-- @BeforeTest loadConfig -->
  <testcase classname="com.sauslab.base.BaseClass" name="@BeforeSuite beforeSuite" time="0.0">
    <ignored/>
  </testcase> <!-- @BeforeSuite beforeSuite -->
  <testcase classname="com.sauslab.base.BaseClass" name="@BeforeTest loadConfig" time="0.0">
    <ignored/>
  </testcase> <!-- @BeforeTest loadConfig -->
  <testcase classname="com.sauslab.base.BaseClass" name="@BeforeSuite beforeSuite" time="0.0">
    <ignored/>
  </testcase> <!-- @BeforeSuite beforeSuite -->
  <testcase classname="com.sauslab.base.BaseClass" name="@BeforeTest loadConfig" time="0.0">
    <ignored/>
  </testcase> <!-- @BeforeTest loadConfig -->
  <testcase classname="com.sauslab.base.BaseClass" name="@BeforeSuite beforeSuite" time="0.0">
    <ignored/>
  </testcase> <!-- @BeforeSuite beforeSuite -->
</testsuite> <!-- Test -->
