<?xml version="1.0" encoding="UTF-8"?>
<testng-results ignored="0" total="6" passed="6" failed="0" skipped="0">
  <reporter-output>
  </reporter-output>
  <suite started-at="2023-08-16T19:25:51 IST" name="Suite" finished-at="2023-08-16T19:26:39 IST" duration-ms="47996">
    <groups>
      <group name="Regression">
        <method signature="checkoutonetest.CO1(java.lang.String,java.lang.String)[pri:0, instance:com.sauslab.testcases.checkoutonetest@7a34f66a]" name="CO1" class="com.sauslab.testcases.checkoutonetest"/>
        <method signature="checkoutonetest.CO2(java.lang.String,java.lang.String,java.lang.String,java.lang.String,java.lang.String)[pri:0, instance:com.sauslab.testcases.checkoutonetest@7a34f66a]" name="CO2" class="com.sauslab.testcases.checkoutonetest"/>
        <method signature="checkoutsecondtest.CH_1(java.lang.String,java.lang.String,java.lang.String,java.lang.String,java.lang.String)[pri:0, instance:com.sauslab.testcases.checkoutsecondtest@4aedaf61]" name="CH_1" class="com.sauslab.testcases.checkoutsecondtest"/>
        <method signature="checkoutsecondtest.CH_2(java.lang.String,java.lang.String,java.lang.String,java.lang.String,java.lang.String)[pri:0, instance:com.sauslab.testcases.checkoutsecondtest@4aedaf61]" name="CH_2" class="com.sauslab.testcases.checkoutsecondtest"/>
        <method signature="checkoutsecondtest.CH_3(java.lang.String,java.lang.String,java.lang.String,java.lang.String,java.lang.String)[pri:0, instance:com.sauslab.testcases.checkoutsecondtest@4aedaf61]" name="CH_3" class="com.sauslab.testcases.checkoutsecondtest"/>
        <method signature="logintest.loginTest(java.lang.String,java.lang.String)[pri:0, instance:com.sauslab.testcases.logintest@173797f0]" name="loginTest" class="com.sauslab.testcases.logintest"/>
      </group> <!-- Regression -->
      <group name="Smoke">
        <method signature="checkoutonetest.CO2(java.lang.String,java.lang.String,java.lang.String,java.lang.String,java.lang.String)[pri:0, instance:com.sauslab.testcases.checkoutonetest@7a34f66a]" name="CO2" class="com.sauslab.testcases.checkoutonetest"/>
        <method signature="checkoutsecondtest.CH_1(java.lang.String,java.lang.String,java.lang.String,java.lang.String,java.lang.String)[pri:0, instance:com.sauslab.testcases.checkoutsecondtest@4aedaf61]" name="CH_1" class="com.sauslab.testcases.checkoutsecondtest"/>
        <method signature="checkoutsecondtest.CH_2(java.lang.String,java.lang.String,java.lang.String,java.lang.String,java.lang.String)[pri:0, instance:com.sauslab.testcases.checkoutsecondtest@4aedaf61]" name="CH_2" class="com.sauslab.testcases.checkoutsecondtest"/>
        <method signature="checkoutsecondtest.CH_3(java.lang.String,java.lang.String,java.lang.String,java.lang.String,java.lang.String)[pri:0, instance:com.sauslab.testcases.checkoutsecondtest@4aedaf61]" name="CH_3" class="com.sauslab.testcases.checkoutsecondtest"/>
        <method signature="logintest.loginTest(java.lang.String,java.lang.String)[pri:0, instance:com.sauslab.testcases.logintest@173797f0]" name="loginTest" class="com.sauslab.testcases.logintest"/>
      </group> <!-- Smoke -->
    </groups>
    <test started-at="2023-08-16T19:25:51 IST" name="Regression" finished-at="2023-08-16T19:26:39 IST" duration-ms="47996">
      <class name="com.sauslab.testcases.checkoutcompletetest">
        <test-method is-config="true" signature="beforeSuite()[pri:0, instance:com.sauslab.testcases.checkoutcompletetest@20a05b32]" started-at="2023-08-16T19:25:51 IST" name="beforeSuite" finished-at="2023-08-16T19:25:51 IST" duration-ms="284" status="PASS">
          <reporter-output>
          </reporter-output>
        </test-method> <!-- beforeSuite -->
        <test-method is-config="true" signature="loadConfig()[pri:0, instance:com.sauslab.testcases.checkoutcompletetest@20a05b32]" started-at="2023-08-16T19:25:51 IST" name="loadConfig" finished-at="2023-08-16T19:25:51 IST" duration-ms="2" status="PASS">
          <reporter-output>
          </reporter-output>
        </test-method> <!-- loadConfig -->
      </class> <!-- com.sauslab.testcases.checkoutcompletetest -->
      <class name="com.sauslab.testcases.checkoutonetest">
        <test-method is-config="true" signature="setup(java.lang.String)[pri:0, instance:com.sauslab.testcases.checkoutonetest@7a34f66a]" started-at="2023-08-16T19:25:54 IST" name="setup" finished-at="2023-08-16T19:26:00 IST" duration-ms="5926" status="PASS">
          <params>
            <param index="0">
              <value>
                <![CDATA[Chrome]]>
              </value>
            </param>
          </params>
          <reporter-output>
          </reporter-output>
        </test-method> <!-- setup -->
        <test-method signature="CO1(java.lang.String,java.lang.String)[pri:0, instance:com.sauslab.testcases.checkoutonetest@7a34f66a]" started-at="2023-08-16T19:26:00 IST" name="CO1" data-provider="credentials" finished-at="2023-08-16T19:26:03 IST" duration-ms="2554" status="PASS">
          <params>
            <param index="0">
              <value>
                <![CDATA[standard_user]]>
              </value>
            </param>
            <param index="1">
              <value>
                <![CDATA[secret_sauce]]>
              </value>
            </param>
          </params>
          <reporter-output>
          </reporter-output>
        </test-method> <!-- CO1 -->
        <test-method is-config="true" signature="tearDown()[pri:0, instance:com.sauslab.testcases.checkoutonetest@7a34f66a]" started-at="2023-08-16T19:26:03 IST" name="tearDown" finished-at="2023-08-16T19:26:03 IST" duration-ms="409" status="PASS">
          <reporter-output>
          </reporter-output>
        </test-method> <!-- tearDown -->
        <test-method is-config="true" signature="setup(java.lang.String)[pri:0, instance:com.sauslab.testcases.checkoutonetest@7a34f66a]" started-at="2023-08-16T19:26:03 IST" name="setup" finished-at="2023-08-16T19:26:07 IST" duration-ms="3802" status="PASS">
          <params>
            <param index="0">
              <value>
                <![CDATA[Chrome]]>
              </value>
            </param>
          </params>
          <reporter-output>
          </reporter-output>
        </test-method> <!-- setup -->
        <test-method signature="CO2(java.lang.String,java.lang.String,java.lang.String,java.lang.String,java.lang.String)[pri:0, instance:com.sauslab.testcases.checkoutonetest@7a34f66a]" started-at="2023-08-16T19:26:07 IST" name="CO2" data-provider="email" finished-at="2023-08-16T19:26:10 IST" duration-ms="2953" status="PASS">
          <params>
            <param index="0">
              <value>
                <![CDATA[standard_user]]>
              </value>
            </param>
            <param index="1">
              <value>
                <![CDATA[secret_sauce]]>
              </value>
            </param>
            <param index="2">
              <value>
                <![CDATA[Nikhlesh]]>
              </value>
            </param>
            <param index="3">
              <value>
                <![CDATA[Gujrati]]>
              </value>
            </param>
            <param index="4">
              <value>
                <![CDATA[457001.0]]>
              </value>
            </param>
          </params>
          <reporter-output>
          </reporter-output>
        </test-method> <!-- CO2 -->
        <test-method is-config="true" signature="tearDown()[pri:0, instance:com.sauslab.testcases.checkoutonetest@7a34f66a]" started-at="2023-08-16T19:26:10 IST" name="tearDown" finished-at="2023-08-16T19:26:10 IST" duration-ms="346" status="PASS">
          <reporter-output>
          </reporter-output>
        </test-method> <!-- tearDown -->
      </class> <!-- com.sauslab.testcases.checkoutonetest -->
      <class name="com.sauslab.testcases.logintest">
        <test-method is-config="true" signature="setup(java.lang.String)[pri:0, instance:com.sauslab.testcases.logintest@173797f0]" started-at="2023-08-16T19:26:34 IST" name="setup" finished-at="2023-08-16T19:26:38 IST" duration-ms="3852" status="PASS">
          <params>
            <param index="0">
              <value>
                <![CDATA[Chrome]]>
              </value>
            </param>
          </params>
          <reporter-output>
          </reporter-output>
        </test-method> <!-- setup -->
        <test-method signature="loginTest(java.lang.String,java.lang.String)[pri:0, instance:com.sauslab.testcases.logintest@173797f0]" started-at="2023-08-16T19:26:38 IST" name="loginTest" data-provider="credentials" finished-at="2023-08-16T19:26:39 IST" duration-ms="835" status="PASS">
          <params>
            <param index="0">
              <value>
                <![CDATA[standard_user]]>
              </value>
            </param>
            <param index="1">
              <value>
                <![CDATA[secret_sauce]]>
              </value>
            </param>
          </params>
          <reporter-output>
          </reporter-output>
        </test-method> <!-- loginTest -->
        <test-method is-config="true" signature="tearDown()[pri:0, instance:com.sauslab.testcases.logintest@173797f0]" started-at="2023-08-16T19:26:39 IST" name="tearDown" finished-at="2023-08-16T19:26:39 IST" duration-ms="424" status="PASS">
          <reporter-output>
          </reporter-output>
        </test-method> <!-- tearDown -->
      </class> <!-- com.sauslab.testcases.logintest -->
      <class name="com.sauslab.testcases.checkoutsecondtest">
        <test-method is-config="true" signature="setup(java.lang.String)[pri:0, instance:com.sauslab.testcases.checkoutsecondtest@4aedaf61]" started-at="2023-08-16T19:26:11 IST" name="setup" finished-at="2023-08-16T19:26:15 IST" duration-ms="4328" status="PASS">
          <params>
            <param index="0">
              <value>
                <![CDATA[Chrome]]>
              </value>
            </param>
          </params>
          <reporter-output>
          </reporter-output>
        </test-method> <!-- setup -->
        <test-method signature="CH_1(java.lang.String,java.lang.String,java.lang.String,java.lang.String,java.lang.String)[pri:0, instance:com.sauslab.testcases.checkoutsecondtest@4aedaf61]" started-at="2023-08-16T19:26:15 IST" name="CH_1" data-provider="email" finished-at="2023-08-16T19:26:18 IST" duration-ms="3205" status="PASS">
          <params>
            <param index="0">
              <value>
                <![CDATA[standard_user]]>
              </value>
            </param>
            <param index="1">
              <value>
                <![CDATA[secret_sauce]]>
              </value>
            </param>
            <param index="2">
              <value>
                <![CDATA[Nikhlesh]]>
              </value>
            </param>
            <param index="3">
              <value>
                <![CDATA[Gujrati]]>
              </value>
            </param>
            <param index="4">
              <value>
                <![CDATA[457001.0]]>
              </value>
            </param>
          </params>
          <reporter-output>
          </reporter-output>
        </test-method> <!-- CH_1 -->
        <test-method is-config="true" signature="tearDown()[pri:0, instance:com.sauslab.testcases.checkoutsecondtest@4aedaf61]" started-at="2023-08-16T19:26:18 IST" name="tearDown" finished-at="2023-08-16T19:26:19 IST" duration-ms="372" status="PASS">
          <reporter-output>
          </reporter-output>
        </test-method> <!-- tearDown -->
        <test-method is-config="true" signature="setup(java.lang.String)[pri:0, instance:com.sauslab.testcases.checkoutsecondtest@4aedaf61]" started-at="2023-08-16T19:26:19 IST" name="setup" finished-at="2023-08-16T19:26:23 IST" duration-ms="4090" status="PASS">
          <params>
            <param index="0">
              <value>
                <![CDATA[Chrome]]>
              </value>
            </param>
          </params>
          <reporter-output>
          </reporter-output>
        </test-method> <!-- setup -->
        <test-method signature="CH_2(java.lang.String,java.lang.String,java.lang.String,java.lang.String,java.lang.String)[pri:0, instance:com.sauslab.testcases.checkoutsecondtest@4aedaf61]" started-at="2023-08-16T19:26:23 IST" name="CH_2" data-provider="email" finished-at="2023-08-16T19:26:26 IST" duration-ms="3108" status="PASS">
          <params>
            <param index="0">
              <value>
                <![CDATA[standard_user]]>
              </value>
            </param>
            <param index="1">
              <value>
                <![CDATA[secret_sauce]]>
              </value>
            </param>
            <param index="2">
              <value>
                <![CDATA[Nikhlesh]]>
              </value>
            </param>
            <param index="3">
              <value>
                <![CDATA[Gujrati]]>
              </value>
            </param>
            <param index="4">
              <value>
                <![CDATA[457001.0]]>
              </value>
            </param>
          </params>
          <reporter-output>
          </reporter-output>
        </test-method> <!-- CH_2 -->
        <test-method is-config="true" signature="tearDown()[pri:0, instance:com.sauslab.testcases.checkoutsecondtest@4aedaf61]" started-at="2023-08-16T19:26:26 IST" name="tearDown" finished-at="2023-08-16T19:26:26 IST" duration-ms="413" status="PASS">
          <reporter-output>
          </reporter-output>
        </test-method> <!-- tearDown -->
        <test-method is-config="true" signature="setup(java.lang.String)[pri:0, instance:com.sauslab.testcases.checkoutsecondtest@4aedaf61]" started-at="2023-08-16T19:26:26 IST" name="setup" finished-at="2023-08-16T19:26:30 IST" duration-ms="3735" status="PASS">
          <params>
            <param index="0">
              <value>
                <![CDATA[Chrome]]>
              </value>
            </param>
          </params>
          <reporter-output>
          </reporter-output>
        </test-method> <!-- setup -->
        <test-method signature="CH_3(java.lang.String,java.lang.String,java.lang.String,java.lang.String,java.lang.String)[pri:0, instance:com.sauslab.testcases.checkoutsecondtest@4aedaf61]" started-at="2023-08-16T19:26:30 IST" name="CH_3" data-provider="email" finished-at="2023-08-16T19:26:34 IST" duration-ms="3288" status="PASS">
          <params>
            <param index="0">
              <value>
                <![CDATA[standard_user]]>
              </value>
            </param>
            <param index="1">
              <value>
                <![CDATA[secret_sauce]]>
              </value>
            </param>
            <param index="2">
              <value>
                <![CDATA[Nikhlesh]]>
              </value>
            </param>
            <param index="3">
              <value>
                <![CDATA[Gujrati]]>
              </value>
            </param>
            <param index="4">
              <value>
                <![CDATA[457001.0]]>
              </value>
            </param>
          </params>
          <reporter-output>
          </reporter-output>
        </test-method> <!-- CH_3 -->
        <test-method is-config="true" signature="tearDown()[pri:0, instance:com.sauslab.testcases.checkoutsecondtest@4aedaf61]" started-at="2023-08-16T19:26:34 IST" name="tearDown" finished-at="2023-08-16T19:26:34 IST" duration-ms="390" status="PASS">
          <reporter-output>
          </reporter-output>
        </test-method> <!-- tearDown -->
      </class> <!-- com.sauslab.testcases.checkoutsecondtest -->
    </test> <!-- Regression -->
  </suite> <!-- Suite -->
</testng-results>
