<?xml version="1.0" encoding="UTF-8"?>
<testng-results ignored="0" total="1" passed="1" failed="0" skipped="0">
  <reporter-output>
  </reporter-output>
  <suite started-at="2023-08-14T18:56:18 IST" name="Default suite" finished-at="2023-08-14T18:56:19 IST" duration-ms="780">
    <groups>
    </groups>
    <test started-at="2023-08-14T18:56:18 IST" name="Default test" finished-at="2023-08-14T18:56:19 IST" duration-ms="780">
      <class name="DevelopedFramework.developedframework.testClass">
        <test-method is-config="true" signature="setup()[pri:0, instance:DevelopedFramework.developedframework.testClass@25435731]" started-at="2023-08-14T18:56:18 IST" name="setup" finished-at="2023-08-14T18:56:19 IST" duration-ms="66" status="PASS">
          <reporter-output>
          </reporter-output>
        </test-method> <!-- setup -->
        <test-method signature="firstTest()[pri:0, instance:DevelopedFramework.developedframework.testClass@25435731]" started-at="2023-08-14T18:56:19 IST" name="firstTest" description="verify screenshot test" finished-at="2023-08-14T18:56:19 IST" duration-ms="375" status="PASS">
          <reporter-output>
          </reporter-output>
        </test-method> <!-- firstTest -->
      </class> <!-- DevelopedFramework.developedframework.testClass -->
    </test> <!-- Default test -->
  </suite> <!-- Default suite -->
</testng-results>
